<?xml version="1.0" encoding="UTF-8"?>
<testng-results skipped="0" failed="0" ignored="1" total="2" passed="1">
  <reporter-output>
  </reporter-output>
  <suite name="Default suite" duration-ms="9729" started-at="2019-07-15T09:05:04Z" finished-at="2019-07-15T09:05:13Z">
    <groups>
    </groups>
    <test name="Default test" duration-ms="9729" started-at="2019-07-15T09:05:04Z" finished-at="2019-07-15T09:05:13Z">
      <class name="Test.Testing">
        <test-method status="PASS" signature="openBrowser()[pri:0, instance:Test.Testing@55f3ddb1]" name="openBrowser" duration-ms="9703" started-at="2019-07-15T09:05:04Z" finished-at="2019-07-15T09:05:13Z">
          <reporter-output>
          </reporter-output>
        </test-method> <!-- openBrowser -->
      </class> <!-- Test.Testing -->
    </test> <!-- Default test -->
  </suite> <!-- Default suite -->
</testng-results>
